Start testing: Jun 19 16:30 CST
----------------------------------------------------------
1/164 Testing: t_wrapping_ints_cmp
1/164 Test: t_wrapping_ints_cmp
Command: "/home/xuyu/桌面/cs144_lab/build/tests/wrapping_integers_cmp"
Directory: /home/xuyu/桌面/cs144_lab/build
"t_wrapping_ints_cmp" start time: Jun 19 16:30 CST
Output:
----------------------------------------------------------
<end of output>
Test time =   0.00 sec
----------------------------------------------------------
Test Passed.
"t_wrapping_ints_cmp" end time: Jun 19 16:30 CST
"t_wrapping_ints_cmp" time elapsed: 00:00:00
----------------------------------------------------------

2/164 Testing: t_wrapping_ints_unwrap
2/164 Test: t_wrapping_ints_unwrap
Command: "/home/xuyu/桌面/cs144_lab/build/tests/wrapping_integers_unwrap"
Directory: /home/xuyu/桌面/cs144_lab/build
"t_wrapping_ints_unwrap" start time: Jun 19 16:30 CST
Output:
----------------------------------------------------------
<end of output>
Test time =   0.00 sec
----------------------------------------------------------
Test Passed.
"t_wrapping_ints_unwrap" end time: Jun 19 16:30 CST
"t_wrapping_ints_unwrap" time elapsed: 00:00:00
----------------------------------------------------------

3/164 Testing: t_wrapping_ints_wrap
3/164 Test: t_wrapping_ints_wrap
Command: "/home/xuyu/桌面/cs144_lab/build/tests/wrapping_integers_wrap"
Directory: /home/xuyu/桌面/cs144_lab/build
"t_wrapping_ints_wrap" start time: Jun 19 16:30 CST
Output:
----------------------------------------------------------
<end of output>
Test time =   0.00 sec
----------------------------------------------------------
Test Passed.
"t_wrapping_ints_wrap" end time: Jun 19 16:30 CST
"t_wrapping_ints_wrap" time elapsed: 00:00:00
----------------------------------------------------------

4/164 Testing: t_wrapping_ints_roundtrip
4/164 Test: t_wrapping_ints_roundtrip
Command: "/home/xuyu/桌面/cs144_lab/build/tests/wrapping_integers_roundtrip"
Directory: /home/xuyu/桌面/cs144_lab/build
"t_wrapping_ints_roundtrip" start time: Jun 19 16:30 CST
Output:
----------------------------------------------------------
<end of output>
Test time =   0.10 sec
----------------------------------------------------------
Test Passed.
"t_wrapping_ints_roundtrip" end time: Jun 19 16:30 CST
"t_wrapping_ints_roundtrip" time elapsed: 00:00:00
----------------------------------------------------------

5/164 Testing: t_recv_connect
5/164 Test: t_recv_connect
Command: "/home/xuyu/桌面/cs144_lab/build/tests/recv_connect"
Directory: /home/xuyu/桌面/cs144_lab/build
"t_recv_connect" start time: Jun 19 16:30 CST
Output:
----------------------------------------------------------
<end of output>
Test time =   0.00 sec
----------------------------------------------------------
Test Passed.
"t_recv_connect" end time: Jun 19 16:30 CST
"t_recv_connect" time elapsed: 00:00:00
----------------------------------------------------------

6/164 Testing: t_recv_transmit
6/164 Test: t_recv_transmit
Command: "/home/xuyu/桌面/cs144_lab/build/tests/recv_transmit"
Directory: /home/xuyu/桌面/cs144_lab/build
"t_recv_transmit" start time: Jun 19 16:30 CST
Output:
----------------------------------------------------------
<end of output>
Test time =   0.03 sec
----------------------------------------------------------
Test Passed.
"t_recv_transmit" end time: Jun 19 16:30 CST
"t_recv_transmit" time elapsed: 00:00:00
----------------------------------------------------------

7/164 Testing: t_recv_window
7/164 Test: t_recv_window
Command: "/home/xuyu/桌面/cs144_lab/build/tests/recv_window"
Directory: /home/xuyu/桌面/cs144_lab/build
"t_recv_window" start time: Jun 19 16:30 CST
Output:
----------------------------------------------------------
<end of output>
Test time =   0.00 sec
----------------------------------------------------------
Test Passed.
"t_recv_window" end time: Jun 19 16:30 CST
"t_recv_window" time elapsed: 00:00:00
----------------------------------------------------------

8/164 Testing: t_recv_reorder
8/164 Test: t_recv_reorder
Command: "/home/xuyu/桌面/cs144_lab/build/tests/recv_reorder"
Directory: /home/xuyu/桌面/cs144_lab/build
"t_recv_reorder" start time: Jun 19 16:30 CST
Output:
----------------------------------------------------------
<end of output>
Test time =   0.00 sec
----------------------------------------------------------
Test Passed.
"t_recv_reorder" end time: Jun 19 16:30 CST
"t_recv_reorder" time elapsed: 00:00:00
----------------------------------------------------------

9/164 Testing: t_recv_close
9/164 Test: t_recv_close
Command: "/home/xuyu/桌面/cs144_lab/build/tests/recv_close"
Directory: /home/xuyu/桌面/cs144_lab/build
"t_recv_close" start time: Jun 19 16:30 CST
Output:
----------------------------------------------------------
<end of output>
Test time =   0.00 sec
----------------------------------------------------------
Test Passed.
"t_recv_close" end time: Jun 19 16:30 CST
"t_recv_close" time elapsed: 00:00:00
----------------------------------------------------------

10/164 Testing: t_recv_special
10/164 Test: t_recv_special
Command: "/home/xuyu/桌面/cs144_lab/build/tests/recv_special"
Directory: /home/xuyu/桌面/cs144_lab/build
"t_recv_special" start time: Jun 19 16:30 CST
Output:
----------------------------------------------------------
<end of output>
Test time =   0.00 sec
----------------------------------------------------------
Test Passed.
"t_recv_special" end time: Jun 19 16:30 CST
"t_recv_special" time elapsed: 00:00:00
----------------------------------------------------------

18/164 Testing: t_strm_reassem_single
18/164 Test: t_strm_reassem_single
Command: "/home/xuyu/桌面/cs144_lab/build/tests/fsm_stream_reassembler_single"
Directory: /home/xuyu/桌面/cs144_lab/build
"t_strm_reassem_single" start time: Jun 19 16:30 CST
Output:
----------------------------------------------------------
<end of output>
Test time =   0.00 sec
----------------------------------------------------------
Test Passed.
"t_strm_reassem_single" end time: Jun 19 16:30 CST
"t_strm_reassem_single" time elapsed: 00:00:00
----------------------------------------------------------

19/164 Testing: t_strm_reassem_seq
19/164 Test: t_strm_reassem_seq
Command: "/home/xuyu/桌面/cs144_lab/build/tests/fsm_stream_reassembler_seq"
Directory: /home/xuyu/桌面/cs144_lab/build
"t_strm_reassem_seq" start time: Jun 19 16:30 CST
Output:
----------------------------------------------------------
<end of output>
Test time =   0.00 sec
----------------------------------------------------------
Test Passed.
"t_strm_reassem_seq" end time: Jun 19 16:30 CST
"t_strm_reassem_seq" time elapsed: 00:00:00
----------------------------------------------------------

20/164 Testing: t_strm_reassem_dup
20/164 Test: t_strm_reassem_dup
Command: "/home/xuyu/桌面/cs144_lab/build/tests/fsm_stream_reassembler_dup"
Directory: /home/xuyu/桌面/cs144_lab/build
"t_strm_reassem_dup" start time: Jun 19 16:30 CST
Output:
----------------------------------------------------------
<end of output>
Test time =   0.00 sec
----------------------------------------------------------
Test Passed.
"t_strm_reassem_dup" end time: Jun 19 16:30 CST
"t_strm_reassem_dup" time elapsed: 00:00:00
----------------------------------------------------------

21/164 Testing: t_strm_reassem_holes
21/164 Test: t_strm_reassem_holes
Command: "/home/xuyu/桌面/cs144_lab/build/tests/fsm_stream_reassembler_holes"
Directory: /home/xuyu/桌面/cs144_lab/build
"t_strm_reassem_holes" start time: Jun 19 16:30 CST
Output:
----------------------------------------------------------
<end of output>
Test time =   0.00 sec
----------------------------------------------------------
Test Passed.
"t_strm_reassem_holes" end time: Jun 19 16:30 CST
"t_strm_reassem_holes" time elapsed: 00:00:00
----------------------------------------------------------

22/164 Testing: t_strm_reassem_many
22/164 Test: t_strm_reassem_many
Command: "/home/xuyu/桌面/cs144_lab/build/tests/fsm_stream_reassembler_many"
Directory: /home/xuyu/桌面/cs144_lab/build
"t_strm_reassem_many" start time: Jun 19 16:30 CST
Output:
----------------------------------------------------------
<end of output>
Test time =   0.08 sec
----------------------------------------------------------
Test Passed.
"t_strm_reassem_many" end time: Jun 19 16:30 CST
"t_strm_reassem_many" time elapsed: 00:00:00
----------------------------------------------------------

23/164 Testing: t_strm_reassem_overlapping
23/164 Test: t_strm_reassem_overlapping
Command: "/home/xuyu/桌面/cs144_lab/build/tests/fsm_stream_reassembler_overlapping"
Directory: /home/xuyu/桌面/cs144_lab/build
"t_strm_reassem_overlapping" start time: Jun 19 16:30 CST
Output:
----------------------------------------------------------
<end of output>
Test time =   0.00 sec
----------------------------------------------------------
Test Passed.
"t_strm_reassem_overlapping" end time: Jun 19 16:30 CST
"t_strm_reassem_overlapping" time elapsed: 00:00:00
----------------------------------------------------------

24/164 Testing: t_strm_reassem_win
24/164 Test: t_strm_reassem_win
Command: "/home/xuyu/桌面/cs144_lab/build/tests/fsm_stream_reassembler_win"
Directory: /home/xuyu/桌面/cs144_lab/build
"t_strm_reassem_win" start time: Jun 19 16:30 CST
Output:
----------------------------------------------------------
<end of output>
Test time =   0.08 sec
----------------------------------------------------------
Test Passed.
"t_strm_reassem_win" end time: Jun 19 16:30 CST
"t_strm_reassem_win" time elapsed: 00:00:00
----------------------------------------------------------

25/164 Testing: t_strm_reassem_cap
25/164 Test: t_strm_reassem_cap
Command: "/home/xuyu/桌面/cs144_lab/build/tests/fsm_stream_reassembler_cap"
Directory: /home/xuyu/桌面/cs144_lab/build
"t_strm_reassem_cap" start time: Jun 19 16:30 CST
Output:
----------------------------------------------------------
<end of output>
Test time =   0.06 sec
----------------------------------------------------------
Test Passed.
"t_strm_reassem_cap" end time: Jun 19 16:30 CST
"t_strm_reassem_cap" time elapsed: 00:00:00
----------------------------------------------------------

26/164 Testing: t_byte_stream_construction
26/164 Test: t_byte_stream_construction
Command: "/home/xuyu/桌面/cs144_lab/build/tests/byte_stream_construction"
Directory: /home/xuyu/桌面/cs144_lab/build
"t_byte_stream_construction" start time: Jun 19 16:30 CST
Output:
----------------------------------------------------------
<end of output>
Test time =   0.00 sec
----------------------------------------------------------
Test Passed.
"t_byte_stream_construction" end time: Jun 19 16:30 CST
"t_byte_stream_construction" time elapsed: 00:00:00
----------------------------------------------------------

27/164 Testing: t_byte_stream_one_write
27/164 Test: t_byte_stream_one_write
Command: "/home/xuyu/桌面/cs144_lab/build/tests/byte_stream_one_write"
Directory: /home/xuyu/桌面/cs144_lab/build
"t_byte_stream_one_write" start time: Jun 19 16:30 CST
Output:
----------------------------------------------------------
<end of output>
Test time =   0.00 sec
----------------------------------------------------------
Test Passed.
"t_byte_stream_one_write" end time: Jun 19 16:30 CST
"t_byte_stream_one_write" time elapsed: 00:00:00
----------------------------------------------------------

28/164 Testing: t_byte_stream_two_writes
28/164 Test: t_byte_stream_two_writes
Command: "/home/xuyu/桌面/cs144_lab/build/tests/byte_stream_two_writes"
Directory: /home/xuyu/桌面/cs144_lab/build
"t_byte_stream_two_writes" start time: Jun 19 16:30 CST
Output:
----------------------------------------------------------
<end of output>
Test time =   0.00 sec
----------------------------------------------------------
Test Passed.
"t_byte_stream_two_writes" end time: Jun 19 16:30 CST
"t_byte_stream_two_writes" time elapsed: 00:00:00
----------------------------------------------------------

29/164 Testing: t_byte_stream_capacity
29/164 Test: t_byte_stream_capacity
Command: "/home/xuyu/桌面/cs144_lab/build/tests/byte_stream_capacity"
Directory: /home/xuyu/桌面/cs144_lab/build
"t_byte_stream_capacity" start time: Jun 19 16:30 CST
Output:
----------------------------------------------------------
<end of output>
Test time =   0.24 sec
----------------------------------------------------------
Test Passed.
"t_byte_stream_capacity" end time: Jun 19 16:30 CST
"t_byte_stream_capacity" time elapsed: 00:00:00
----------------------------------------------------------

30/164 Testing: t_byte_stream_many_writes
30/164 Test: t_byte_stream_many_writes
Command: "/home/xuyu/桌面/cs144_lab/build/tests/byte_stream_many_writes"
Directory: /home/xuyu/桌面/cs144_lab/build
"t_byte_stream_many_writes" start time: Jun 19 16:30 CST
Output:
----------------------------------------------------------
<end of output>
Test time =   0.00 sec
----------------------------------------------------------
Test Passed.
"t_byte_stream_many_writes" end time: Jun 19 16:30 CST
"t_byte_stream_many_writes" time elapsed: 00:00:00
----------------------------------------------------------

48/164 Testing: t_address_dt
48/164 Test: t_address_dt
Command: "/home/xuyu/桌面/cs144_lab/build/doctests/address_dt"
Directory: /home/xuyu/桌面/cs144_lab/build
"t_address_dt" start time: Jun 19 16:30 CST
Output:
----------------------------------------------------------
<end of output>
Test time =   0.00 sec
----------------------------------------------------------
Test Passed.
"t_address_dt" end time: Jun 19 16:30 CST
"t_address_dt" time elapsed: 00:00:00
----------------------------------------------------------

49/164 Testing: t_parser_dt
49/164 Test: t_parser_dt
Command: "/home/xuyu/桌面/cs144_lab/build/doctests/parser_dt"
Directory: /home/xuyu/桌面/cs144_lab/build
"t_parser_dt" start time: Jun 19 16:30 CST
Output:
----------------------------------------------------------
<end of output>
Test time =   0.00 sec
----------------------------------------------------------
Test Passed.
"t_parser_dt" end time: Jun 19 16:30 CST
"t_parser_dt" time elapsed: 00:00:00
----------------------------------------------------------

50/164 Testing: t_socket_dt
50/164 Test: t_socket_dt
Command: "/home/xuyu/桌面/cs144_lab/build/doctests/socket_dt"
Directory: /home/xuyu/桌面/cs144_lab/build
"t_socket_dt" start time: Jun 19 16:30 CST
Output:
----------------------------------------------------------
<end of output>
Test time =   0.00 sec
----------------------------------------------------------
Test Passed.
"t_socket_dt" end time: Jun 19 16:30 CST
"t_socket_dt" time elapsed: 00:00:00
----------------------------------------------------------

End testing: Jun 19 16:30 CST
